<?xml version="1.0" encoding="UTF-8"?>
<testng-results ignored="0" total="2" passed="2" failed="0" skipped="0">
  <reporter-output>
  </reporter-output>
  <suite started-at="2020-11-03T20:03:32 IST" name="Suite" finished-at="2020-11-03T20:03:32 IST" duration-ms="65">
    <groups>
    </groups>
    <test started-at="2020-11-03T20:03:32 IST" name="Test" finished-at="2020-11-03T20:03:32 IST" duration-ms="65">
      <class name="com.e2e.exercises.exercise1.BaseTest">
        <test-method signature="test1()[pri:0, instance:com.e2e.exercises.exercise1.BaseTest@14ec4505]" started-at="2020-11-03T20:03:32 IST" name="test1" finished-at="2020-11-03T20:03:32 IST" duration-ms="25" status="PASS">
          <reporter-output>
          </reporter-output>
        </test-method> <!-- test1 -->
        <test-method signature="test2()[pri:0, instance:com.e2e.exercises.exercise1.BaseTest@14ec4505]" started-at="2020-11-03T20:03:32 IST" name="test2" finished-at="2020-11-03T20:03:32 IST" duration-ms="1" status="PASS">
          <reporter-output>
          </reporter-output>
        </test-method> <!-- test2 -->
      </class> <!-- com.e2e.exercises.exercise1.BaseTest -->
    </test> <!-- Test -->
  </suite> <!-- Suite -->
</testng-results>
